<?xml version="1.0" encoding="UTF-8"?>
<!-- Generated by org.testng.reporters.JUnitReportReporter -->
<testsuite hostname="LAPTOP-U0M1SLEU" failures="0" tests="1" name="com.pyxispm.testcases.GetMediaPlan" time="1.509" errors="0" timestamp="24 Feb 2021 17:04:29 GMT" skipped="0">
  <testcase classname="com.pyxispm.testcases.GetMediaPlan" name="getMediaPlan" time="1.509"/>
</testsuite> <!-- com.pyxispm.testcases.GetMediaPlan -->
