<?xml version="1.0" encoding="UTF-8"?>
<!-- Generated by org.testng.reporters.JUnitReportReporter -->
<testsuite hostname="LAPTOP-A1I3V123" failures="0" tests="2" name="com.pyxispm.testcases.test" time="2.784" errors="0" timestamp="14 Feb 2021 07:20:11 GMT" skipped="0">
  <testcase classname="com.pyxispm.testcases.test" name="getMediaPlan" time="1.549"/>
  <testcase classname="com.pyxispm.testcases.test" name="Login" time="1.235"/>
</testsuite> <!-- com.pyxispm.testcases.test -->
