<?xml version="1.0" encoding="UTF-8"?>
<!-- Generated by org.testng.reporters.JUnitReportReporter -->
<testsuite hostname="LAPTOP-A1I3V123" failures="0" tests="2" name="com.pyxispm.testcases.Management" time="2.312" errors="0" timestamp="19 Feb 2021 10:38:13 GMT" skipped="0">
  <testcase classname="com.pyxispm.testcases.Management" name="getUserDetails" time="0.580"/>
  <testcase classname="com.pyxispm.testcases.Management" name="Login" time="1.732"/>
</testsuite> <!-- com.pyxispm.testcases.Management -->
