<?xml version="1.0" encoding="UTF-8"?>
<!-- Generated by org.testng.reporters.JUnitReportReporter -->
<testsuite hostname="LAPTOP-U0M1SLEU" failures="0" tests="2" name="com.pyxispm.Examples.TestExamples" time="2.922" errors="0" timestamp="24 Feb 2021 16:34:29 GMT" skipped="0">
  <testcase classname="com.pyxispm.Examples.TestExamples" name="testDelete" time="2.381"/>
  <testcase classname="com.pyxispm.Examples.TestExamples" name="testPatch" time="0.541"/>
</testsuite> <!-- com.pyxispm.Examples.TestExamples -->
