<?xml version="1.0" encoding="UTF-8"?>
<!-- Generated by org.testng.reporters.JUnitReportReporter -->
<testsuite hostname="LAPTOP-U0M1SLEU" failures="0" tests="1" name="com.pyxispm.testcases.Client" time="3.217" errors="0" timestamp="24 Feb 2021 17:04:29 GMT" skipped="0">
  <testcase classname="com.pyxispm.testcases.Client" name="Client" time="3.217"/>
</testsuite> <!-- com.pyxispm.testcases.Client -->
