<?xml version="1.0" encoding="UTF-8"?>
<!-- Generated by org.testng.reporters.JUnitReportReporter -->
<testsuite hostname="LAPTOP-A1I3V123" failures="0" tests="1" name="com.pyxispm.testcases.GetMediaPlans" time="1.106" errors="0" timestamp="15 Feb 2021 14:59:54 GMT" skipped="0">
  <testcase classname="com.pyxispm.testcases.GetMediaPlans" name="getMediaPlan" time="1.106"/>
</testsuite> <!-- com.pyxispm.testcases.GetMediaPlans -->
