<?xml version="1.0" encoding="UTF-8"?>
<!-- Generated by org.testng.reporters.JUnitReportReporter -->
<testsuite hostname="LAPTOP-A1I3V123" failures="0" tests="1" name="com.pyxispm.testcases.MediaPlanManagement" time="2.403" errors="0" timestamp="19 Feb 2021 10:38:13 GMT" skipped="0">
  <testcase classname="com.pyxispm.testcases.MediaPlanManagement" name="getMediaPlan" time="2.403"/>
</testsuite> <!-- com.pyxispm.testcases.MediaPlanManagement -->
